<?xml version="1.0" encoding="UTF-8"?>
<!-- Generated by org.testng.reporters.JUnitReportReporter -->
<testsuite hostname="LTIN489064" failures="0" tests="4" name="testCases.TSC002_Car_Insurance_Quote" time="36.294" errors="0" timestamp="2025-07-15T12:36:13 IST" skipped="0">
  <testcase classname="testCases.TSC002_Car_Insurance_Quote" name="testCarInsuranceSelection" time="8.402"/>
  <testcase classname="testCases.TSC002_Car_Insurance_Quote" name="testCarInsuranceSelection" time="9.206"/>
  <testcase classname="testCases.TSC002_Car_Insurance_Quote" name="testCarInsuranceSelection" time="9.094"/>
  <testcase classname="testCases.TSC002_Car_Insurance_Quote" name="testCarInsuranceSelection" time="9.592"/>
</testsuite> <!-- testCases.TSC002_Car_Insurance_Quote -->
