<?xml version="1.0" encoding="UTF-8"?>
<!-- Generated by org.testng.reporters.JUnitReportReporter -->
<testsuite hostname="LTIN489064" failures="0" tests="4" name="testCases.TSC002_Car_Insurance_Quote" time="34.522" errors="0" timestamp="2025-07-16T11:04:12 IST" skipped="0">
  <testcase classname="testCases.TSC002_Car_Insurance_Quote" name="testCarInsuranceInvalidContactDetailsErrorMessage" time="7.742"/>
  <testcase classname="testCases.TSC002_Car_Insurance_Quote" name="testCarInsuranceInvalidContactDetailsErrorMessage" time="9.315"/>
  <testcase classname="testCases.TSC002_Car_Insurance_Quote" name="testCarInsuranceInvalidContactDetailsErrorMessage" time="8.664"/>
  <testcase classname="testCases.TSC002_Car_Insurance_Quote" name="testCarInsuranceInvalidContactDetailsErrorMessage" time="8.801"/>
</testsuite> <!-- testCases.TSC002_Car_Insurance_Quote -->
