<?xml version="1.0" encoding="UTF-8"?>
<!-- Generated by org.testng.reporters.JUnitReportReporter -->
<testsuite hostname="LTIN488891" failures="0" tests="2" name="testCases.TSC003_Health_Insurance_Menu" time="8.170" errors="0" timestamp="2025-07-19T17:12:27 IST" skipped="0">
  <testcase classname="testCases.TSC003_Health_Insurance_Menu" name="testHealthInsuranceDropdownAndClickability" time="2.480"/>
  <testcase classname="testCases.TSC003_Health_Insurance_Menu" name="testHealthInsuranceMenuClickAndRedirect" time="5.690"/>
</testsuite> <!-- testCases.TSC003_Health_Insurance_Menu -->
