<?xml version="1.0" encoding="UTF-8"?>
<!-- Generated by org.testng.reporters.JUnitReportReporter -->
<testsuite hostname="LTIN489064" failures="0" tests="2" name="testCases.TSC003_Health_Insurance_Menu" time="8.112" errors="0" timestamp="2025-07-16T11:04:12 IST" skipped="0">
  <testcase classname="testCases.TSC003_Health_Insurance_Menu" name="testHealthInsuranceDropdownAndClickability" time="2.531"/>
  <testcase classname="testCases.TSC003_Health_Insurance_Menu" name="testHealthInsuranceMenuClickAndRedirect" time="5.581"/>
</testsuite> <!-- testCases.TSC003_Health_Insurance_Menu -->
