<?xml version="1.0" encoding="UTF-8"?>
<!-- Generated by org.testng.reporters.JUnitReportReporter -->
<testsuite hostname="LTIN488891" failures="0" tests="4" name="testCases.TSC001_Student_Travel_Insurance" time="154.499" errors="0" timestamp="2025-07-14T15:40:48 IST" skipped="0">
  <testcase classname="testCases.TSC001_Student_Travel_Insurance" name="Execute" time="35.781"/>
  <testcase classname="testCases.TSC001_Student_Travel_Insurance" name="Execute" time="36.649"/>
  <testcase classname="testCases.TSC001_Student_Travel_Insurance" name="Execute" time="43.924"/>
  <testcase classname="testCases.TSC001_Student_Travel_Insurance" name="Execute" time="38.145"/>
</testsuite> <!-- testCases.TSC001_Student_Travel_Insurance -->
