<?xml version="1.0" encoding="UTF-8"?>
<!-- Generated by org.testng.reporters.JUnitReportReporter -->
<testsuite hostname="LTIN488891" failures="0" tests="2" name="testCases.TSC003_Health_Insurance_Menu" time="7.118" errors="0" timestamp="2025-07-14T15:40:48 IST" skipped="0">
  <testcase classname="testCases.TSC003_Health_Insurance_Menu" name="Test2" time="3.609"/>
  <testcase classname="testCases.TSC003_Health_Insurance_Menu" name="Test1" time="3.509"/>
</testsuite> <!-- testCases.TSC003_Health_Insurance_Menu -->
