<?xml version="1.0" encoding="UTF-8"?>
<!-- Generated by org.testng.reporters.JUnitReportReporter -->
<testsuite hostname="LTIN489064" failures="0" tests="2" name="testCases.TSC003_Health_Insurance_Menu" time="8.616" errors="0" timestamp="2025-07-15T12:45:06 IST" skipped="0">
  <testcase classname="testCases.TSC003_Health_Insurance_Menu" name="Test2" time="5.016"/>
  <testcase classname="testCases.TSC003_Health_Insurance_Menu" name="Test1" time="3.600"/>
</testsuite> <!-- testCases.TSC003_Health_Insurance_Menu -->
