<?xml version="1.0" encoding="UTF-8"?>
<!-- Generated by org.testng.reporters.JUnitReportReporter -->
<testsuite hostname="LTIN488891" failures="0" tests="4" name="testCases.TSC002_Car_Insurance_Quote" time="47.283" errors="0" timestamp="2025-07-14T15:40:48 IST" skipped="0">
  <testcase classname="testCases.TSC002_Car_Insurance_Quote" name="testCarInsuranceSelection" time="27.113"/>
  <testcase classname="testCases.TSC002_Car_Insurance_Quote" name="testCarInsuranceSelection" time="6.000"/>
  <testcase classname="testCases.TSC002_Car_Insurance_Quote" name="testCarInsuranceSelection" time="8.078"/>
  <testcase classname="testCases.TSC002_Car_Insurance_Quote" name="testCarInsuranceSelection" time="6.092"/>
</testsuite> <!-- testCases.TSC002_Car_Insurance_Quote -->
