<?xml version="1.0" encoding="UTF-8"?>
<!-- Generated by org.testng.reporters.JUnitReportReporter -->
<testsuite hostname="LTIN489064" failures="0" tests="4" name="testCases.TSC002_Car_Insurance_Quote" time="31.023" errors="0" timestamp="2025-07-15T23:55:41 IST" skipped="0">
  <testcase classname="testCases.TSC002_Car_Insurance_Quote" name="testCarInsuranceSelection" time="10.058"/>
  <testcase classname="testCases.TSC002_Car_Insurance_Quote" name="testCarInsuranceSelection" time="6.412"/>
  <testcase classname="testCases.TSC002_Car_Insurance_Quote" name="testCarInsuranceSelection" time="8.046"/>
  <testcase classname="testCases.TSC002_Car_Insurance_Quote" name="testCarInsuranceSelection" time="6.507"/>
</testsuite> <!-- testCases.TSC002_Car_Insurance_Quote -->
