<?xml version="1.0" encoding="UTF-8"?>
<!-- Generated by org.testng.reporters.JUnitReportReporter -->
<testsuite hostname="LTIN488891" failures="0" tests="4" name="testCases.TSC002_Car_Insurance_Quote" time="35.690" errors="0" timestamp="2025-07-19T17:12:27 IST" skipped="0">
  <testcase classname="testCases.TSC002_Car_Insurance_Quote" name="testCarInsuranceInvalidContactDetailsErrorMessage" time="7.344"/>
  <testcase classname="testCases.TSC002_Car_Insurance_Quote" name="testCarInsuranceInvalidContactDetailsErrorMessage" time="11.045"/>
  <testcase classname="testCases.TSC002_Car_Insurance_Quote" name="testCarInsuranceInvalidContactDetailsErrorMessage" time="8.733"/>
  <testcase classname="testCases.TSC002_Car_Insurance_Quote" name="testCarInsuranceInvalidContactDetailsErrorMessage" time="8.568"/>
</testsuite> <!-- testCases.TSC002_Car_Insurance_Quote -->
